<?xml version="1.0" encoding="UTF-8"?>
<!-- Generated by org.testng.reporters.JUnitReportReporter -->
<testsuite hostname="DESKTOP-TL9PH17" failures="0" tests="1" name="com.actiTime.testScript.NewTest" time="0.017" errors="0" timestamp="2023-03-27T01:12:51 IST" skipped="0">
  <testcase classname="com.actiTime.testScript.NewTest" name="login" time="0.017"/>
  <system-out/>
</testsuite> <!-- com.actiTime.testScript.NewTest -->
