<?xml version="1.0" encoding="UTF-8"?>
<!-- Generated by org.testng.reporters.JUnitReportReporter -->
<testsuite hostname="DESKTOP-TL9PH17" failures="0" tests="1" name="com.actitime.testScript.Demotest" time="0.019" errors="0" timestamp="2023-03-28T01:38:43 IST" skipped="0">
  <testcase classname="com.actitime.testScript.Demotest" name="demo" time="0.019"/>
  <system-out>
    <![CDATA[welcome]]>
  </system-out>
</testsuite> <!-- com.actitime.testScript.Demotest -->
