<?xml version="1.0" encoding="UTF-8"?>
<!-- Generated by org.testng.reporters.JUnitReportReporter -->
<testsuite hostname="DESKTOP-TL9PH17" failures="0" tests="2" name="com.actitime.com.actitime.com.CustomerModule" time="0.027" errors="0" timestamp="2023-03-28T02:46:22 IST" skipped="0">
  <testcase classname="com.actitime.com.actitime.com.CustomerModule" name="CreateCustomer" time="0.023"/>
  <system-out>
    <![CDATA[CreateCustomer]]>
  </system-out>
  <testcase classname="com.actitime.com.actitime.com.CustomerModule" name="ModifyCustomer" time="0.004"/>
  <system-out>
    <![CDATA[ModifyCustomer]]>
  </system-out>
</testsuite> <!-- com.actitime.com.actitime.com.CustomerModule -->
