<?xml version="1.0" encoding="UTF-8"?>
<!-- Generated by org.testng.reporters.JUnitReportReporter -->
<testsuite hostname="DESKTOP-TL9PH17" failures="0" tests="1" name="QSpseliniumrevisied.DemoScreenShotTest" time="3.178" errors="0" timestamp="2023-03-30T02:04:19 IST" skipped="0">
  <testcase classname="QSpseliniumrevisied.DemoScreenShotTest" name="ScreenshotTest" time="3.178"/>
  <system-out/>
</testsuite> <!-- QSpseliniumrevisied.DemoScreenShotTest -->
