<?xml version="1.0" encoding="UTF-8"?>
<!-- Generated by org.testng.reporters.JUnitReportReporter -->
<testsuite hostname="DESKTOP-TL9PH17" failures="0" tests="1" name="com.actitime.com.actitime.com.DemoAssertion" time="2.989" errors="0" timestamp="2023-03-28T02:39:03 IST" skipped="0">
  <testcase classname="com.actitime.com.actitime.com.DemoAssertion" name="verifyTittle" time="2.989"/>
  <system-out/>
</testsuite> <!-- com.actitime.com.actitime.com.DemoAssertion -->
