<?xml version="1.0" encoding="UTF-8"?>
<!-- Generated by org.testng.reporters.JUnitReportReporter -->
<testsuite hostname="DESKTOP-TL9PH17" failures="0" tests="4" name="com.actitime.com.CustomerModulees" time="0.035" errors="0" timestamp="2023-03-30T00:15:32 IST" skipped="0">
  <testcase classname="com.actitime.com.CustomerModulees" name="deleteCustomer" time="0.004"/>
  <system-out>
    <![CDATA[DeleteCustomer]]>
  </system-out>
  <testcase classname="com.actitime.com.CustomerModulees" name="RegisterCustomer" time="0.022"/>
  <system-out>
    <![CDATA[Register Customer]]>
  </system-out>
  <testcase classname="com.actitime.com.CustomerModulees" name="editCustomer" time="0.005"/>
  <system-out>
    <![CDATA[editCustomer]]>
  </system-out>
  <testcase classname="com.actitime.com.CustomerModulees" name="editCustomer" time="0.004"/>
  <system-out>
    <![CDATA[editCustomer]]>
  </system-out>
</testsuite> <!-- com.actitime.com.CustomerModulees -->
