<?xml version="1.0" encoding="UTF-8"?>
<!-- Generated by org.testng.reporters.JUnitReportReporter -->
<testsuite hostname="DESKTOP-TL9PH17" failures="0" tests="1" name="QSpseliniumrevisied.DemoAssertionTest" time="2.948" errors="0" timestamp="2023-03-30T01:42:40 IST" skipped="0">
  <testcase classname="QSpseliniumrevisied.DemoAssertionTest" name="VerifyTittle" time="2.948"/>
  <system-out/>
</testsuite> <!-- QSpseliniumrevisied.DemoAssertionTest -->
